<?xml version="1.0" encoding="UTF-8"?>
<!-- Generated by org.testng.reporters.JUnitReportReporter -->
<testsuite hostname="LAPTOP-9VA16DGV" failures="0" tests="2" name="test.RegistrationFunctionalityTest" time="15.305" errors="0" timestamp="2021-06-30T21:21:12 CDT" skipped="0">
  <testcase classname="test.RegistrationFunctionalityTest" name="newMemberRegistration" time="8.130"/>
  <system-out/>
  <testcase classname="test.RegistrationFunctionalityTest" name="newMemberRegistration" time="7.175"/>
  <system-out/>
</testsuite> <!-- test.RegistrationFunctionalityTest -->
