<?xml version="1.0" encoding="UTF-8"?>
<!-- Generated by org.testng.reporters.JUnitReportReporter -->
<testsuite hostname="LAPTOP-9VA16DGV" failures="0" tests="1" name="test.LogInFunctionalityTest" time="6.174" errors="0" timestamp="2021-06-30T21:21:12 CDT" skipped="0">
  <testcase classname="test.LogInFunctionalityTest" name="positiveTest" time="6.174"/>
  <system-out/>
</testsuite> <!-- test.LogInFunctionalityTest -->
