<?xml version="1.0" encoding="UTF-8"?>
<!-- Generated by org.testng.reporters.JUnitReportReporter -->
<testsuite hostname="LAPTOP-9VA16DGV" failures="0" tests="1" name="test.FlightFunctionalityTest" time="7.904" errors="0" timestamp="2021-06-30T21:21:12 CDT" skipped="0">
  <testcase classname="test.FlightFunctionalityTest" name="positiveFlightFunctionalityTest" time="7.904"/>
  <system-out/>
</testsuite> <!-- test.FlightFunctionalityTest -->
